Created by PLY version 3.11 (http://www.dabeaz.com/ply)

Grammar

Rule 0     S' -> acciones
Rule 1     acciones -> acciones accion
Rule 2     acciones -> acciones COMMA accion
Rule 3     acciones -> accion
Rule 4     accion -> ROL F COMMA ACC
Rule 5     accion -> ROR F COMMA ACC
Rule 6     accion -> NOT ACC
Rule 7     accion -> NOT F
Rule 8     accion -> ACC NOT ARROW ACC
Rule 9     accion -> F NOT ARROW F
Rule 10    accion -> ZERO ARROW ACC
Rule 11    accion -> ZERO ARROW F
Rule 12    accion -> ACC PLUS ONE ARROW ACC
Rule 13    accion -> GPR PLUS ONE ARROW GPR
Rule 14    accion -> ACC PLUS GPR ARROW ACC
Rule 15    accion -> GPR PLUS ACC ARROW ACC
Rule 16    accion -> ACC ARROW GPR
Rule 17    accion -> GPR ARROW ACC
Rule 18    accion -> GPR ARROW M
Rule 19    accion -> M ARROW GPR
Rule 20    accion -> GPR LPAREN AD RPAREN ARROW MAR
Rule 21    accion -> GPR LPAREN AD RPAREN ARROW OPR
Rule 22    accion -> GPR LPAREN OP RPAREN ARROW OPR
Rule 23    accion -> PC PLUS ONE ARROW PC
Rule 24    accion -> PC ARROW MAR

Terminals, with rules where they appear

ACC                  : 4 5 6 8 8 10 12 12 14 14 15 15 16 17
AD                   : 20 21
ARROW                : 8 9 10 11 12 13 14 15 16 17 18 19 20 21 22 23 24
COMMA                : 2 4 5
F                    : 4 5 7 9 9 11
GPR                  : 13 13 14 15 16 17 18 19 20 21 22
LPAREN               : 20 21 22
M                    : 18 19
MAR                  : 20 24
NOT                  : 6 7 8 9
ONE                  : 12 13 23
OP                   : 22
OPR                  : 21 22
PC                   : 23 23 24
PLUS                 : 12 13 14 15 23
ROL                  : 4
ROR                  : 5
RPAREN               : 20 21 22
ZERO                 : 10 11
error                : 

Nonterminals, with rules where they appear

accion               : 1 2 3
acciones             : 1 2 0

Parsing method: LALR

state 0

    (0) S' -> . acciones
    (1) acciones -> . acciones accion
    (2) acciones -> . acciones COMMA accion
    (3) acciones -> . accion
    (4) accion -> . ROL F COMMA ACC
    (5) accion -> . ROR F COMMA ACC
    (6) accion -> . NOT ACC
    (7) accion -> . NOT F
    (8) accion -> . ACC NOT ARROW ACC
    (9) accion -> . F NOT ARROW F
    (10) accion -> . ZERO ARROW ACC
    (11) accion -> . ZERO ARROW F
    (12) accion -> . ACC PLUS ONE ARROW ACC
    (13) accion -> . GPR PLUS ONE ARROW GPR
    (14) accion -> . ACC PLUS GPR ARROW ACC
    (15) accion -> . GPR PLUS ACC ARROW ACC
    (16) accion -> . ACC ARROW GPR
    (17) accion -> . GPR ARROW ACC
    (18) accion -> . GPR ARROW M
    (19) accion -> . M ARROW GPR
    (20) accion -> . GPR LPAREN AD RPAREN ARROW MAR
    (21) accion -> . GPR LPAREN AD RPAREN ARROW OPR
    (22) accion -> . GPR LPAREN OP RPAREN ARROW OPR
    (23) accion -> . PC PLUS ONE ARROW PC
    (24) accion -> . PC ARROW MAR

    ROL             shift and go to state 3
    ROR             shift and go to state 6
    NOT             shift and go to state 7
    ACC             shift and go to state 5
    F               shift and go to state 4
    ZERO            shift and go to state 8
    GPR             shift and go to state 9
    M               shift and go to state 10
    PC              shift and go to state 11

    acciones                       shift and go to state 1
    accion                         shift and go to state 2

state 1

    (0) S' -> acciones .
    (1) acciones -> acciones . accion
    (2) acciones -> acciones . COMMA accion
    (4) accion -> . ROL F COMMA ACC
    (5) accion -> . ROR F COMMA ACC
    (6) accion -> . NOT ACC
    (7) accion -> . NOT F
    (8) accion -> . ACC NOT ARROW ACC
    (9) accion -> . F NOT ARROW F
    (10) accion -> . ZERO ARROW ACC
    (11) accion -> . ZERO ARROW F
    (12) accion -> . ACC PLUS ONE ARROW ACC
    (13) accion -> . GPR PLUS ONE ARROW GPR
    (14) accion -> . ACC PLUS GPR ARROW ACC
    (15) accion -> . GPR PLUS ACC ARROW ACC
    (16) accion -> . ACC ARROW GPR
    (17) accion -> . GPR ARROW ACC
    (18) accion -> . GPR ARROW M
    (19) accion -> . M ARROW GPR
    (20) accion -> . GPR LPAREN AD RPAREN ARROW MAR
    (21) accion -> . GPR LPAREN AD RPAREN ARROW OPR
    (22) accion -> . GPR LPAREN OP RPAREN ARROW OPR
    (23) accion -> . PC PLUS ONE ARROW PC
    (24) accion -> . PC ARROW MAR

    COMMA           shift and go to state 13
    ROL             shift and go to state 3
    ROR             shift and go to state 6
    NOT             shift and go to state 7
    ACC             shift and go to state 5
    F               shift and go to state 4
    ZERO            shift and go to state 8
    GPR             shift and go to state 9
    M               shift and go to state 10
    PC              shift and go to state 11

    accion                         shift and go to state 12

state 2

    (3) acciones -> accion .

    COMMA           reduce using rule 3 (acciones -> accion .)
    ROL             reduce using rule 3 (acciones -> accion .)
    ROR             reduce using rule 3 (acciones -> accion .)
    NOT             reduce using rule 3 (acciones -> accion .)
    ACC             reduce using rule 3 (acciones -> accion .)
    F               reduce using rule 3 (acciones -> accion .)
    ZERO            reduce using rule 3 (acciones -> accion .)
    GPR             reduce using rule 3 (acciones -> accion .)
    M               reduce using rule 3 (acciones -> accion .)
    PC              reduce using rule 3 (acciones -> accion .)
    $end            reduce using rule 3 (acciones -> accion .)


state 3

    (4) accion -> ROL . F COMMA ACC

    F               shift and go to state 14


state 4

    (9) accion -> F . NOT ARROW F

    NOT             shift and go to state 15


state 5

    (8) accion -> ACC . NOT ARROW ACC
    (12) accion -> ACC . PLUS ONE ARROW ACC
    (14) accion -> ACC . PLUS GPR ARROW ACC
    (16) accion -> ACC . ARROW GPR

    NOT             shift and go to state 16
    PLUS            shift and go to state 18
    ARROW           shift and go to state 17


state 6

    (5) accion -> ROR . F COMMA ACC

    F               shift and go to state 19


state 7

    (6) accion -> NOT . ACC
    (7) accion -> NOT . F

    ACC             shift and go to state 20
    F               shift and go to state 21


state 8

    (10) accion -> ZERO . ARROW ACC
    (11) accion -> ZERO . ARROW F

    ARROW           shift and go to state 22


state 9

    (13) accion -> GPR . PLUS ONE ARROW GPR
    (15) accion -> GPR . PLUS ACC ARROW ACC
    (17) accion -> GPR . ARROW ACC
    (18) accion -> GPR . ARROW M
    (20) accion -> GPR . LPAREN AD RPAREN ARROW MAR
    (21) accion -> GPR . LPAREN AD RPAREN ARROW OPR
    (22) accion -> GPR . LPAREN OP RPAREN ARROW OPR

    PLUS            shift and go to state 23
    ARROW           shift and go to state 24
    LPAREN          shift and go to state 25


state 10

    (19) accion -> M . ARROW GPR

    ARROW           shift and go to state 26


state 11

    (23) accion -> PC . PLUS ONE ARROW PC
    (24) accion -> PC . ARROW MAR

    PLUS            shift and go to state 27
    ARROW           shift and go to state 28


state 12

    (1) acciones -> acciones accion .

    COMMA           reduce using rule 1 (acciones -> acciones accion .)
    ROL             reduce using rule 1 (acciones -> acciones accion .)
    ROR             reduce using rule 1 (acciones -> acciones accion .)
    NOT             reduce using rule 1 (acciones -> acciones accion .)
    ACC             reduce using rule 1 (acciones -> acciones accion .)
    F               reduce using rule 1 (acciones -> acciones accion .)
    ZERO            reduce using rule 1 (acciones -> acciones accion .)
    GPR             reduce using rule 1 (acciones -> acciones accion .)
    M               reduce using rule 1 (acciones -> acciones accion .)
    PC              reduce using rule 1 (acciones -> acciones accion .)
    $end            reduce using rule 1 (acciones -> acciones accion .)


state 13

    (2) acciones -> acciones COMMA . accion
    (4) accion -> . ROL F COMMA ACC
    (5) accion -> . ROR F COMMA ACC
    (6) accion -> . NOT ACC
    (7) accion -> . NOT F
    (8) accion -> . ACC NOT ARROW ACC
    (9) accion -> . F NOT ARROW F
    (10) accion -> . ZERO ARROW ACC
    (11) accion -> . ZERO ARROW F
    (12) accion -> . ACC PLUS ONE ARROW ACC
    (13) accion -> . GPR PLUS ONE ARROW GPR
    (14) accion -> . ACC PLUS GPR ARROW ACC
    (15) accion -> . GPR PLUS ACC ARROW ACC
    (16) accion -> . ACC ARROW GPR
    (17) accion -> . GPR ARROW ACC
    (18) accion -> . GPR ARROW M
    (19) accion -> . M ARROW GPR
    (20) accion -> . GPR LPAREN AD RPAREN ARROW MAR
    (21) accion -> . GPR LPAREN AD RPAREN ARROW OPR
    (22) accion -> . GPR LPAREN OP RPAREN ARROW OPR
    (23) accion -> . PC PLUS ONE ARROW PC
    (24) accion -> . PC ARROW MAR

    ROL             shift and go to state 3
    ROR             shift and go to state 6
    NOT             shift and go to state 7
    ACC             shift and go to state 5
    F               shift and go to state 4
    ZERO            shift and go to state 8
    GPR             shift and go to state 9
    M               shift and go to state 10
    PC              shift and go to state 11

    accion                         shift and go to state 29

state 14

    (4) accion -> ROL F . COMMA ACC

    COMMA           shift and go to state 30


state 15

    (9) accion -> F NOT . ARROW F

    ARROW           shift and go to state 31


state 16

    (8) accion -> ACC NOT . ARROW ACC

    ARROW           shift and go to state 32


state 17

    (16) accion -> ACC ARROW . GPR

    GPR             shift and go to state 33


state 18

    (12) accion -> ACC PLUS . ONE ARROW ACC
    (14) accion -> ACC PLUS . GPR ARROW ACC

    ONE             shift and go to state 34
    GPR             shift and go to state 35


state 19

    (5) accion -> ROR F . COMMA ACC

    COMMA           shift and go to state 36


state 20

    (6) accion -> NOT ACC .

    COMMA           reduce using rule 6 (accion -> NOT ACC .)
    ROL             reduce using rule 6 (accion -> NOT ACC .)
    ROR             reduce using rule 6 (accion -> NOT ACC .)
    NOT             reduce using rule 6 (accion -> NOT ACC .)
    ACC             reduce using rule 6 (accion -> NOT ACC .)
    F               reduce using rule 6 (accion -> NOT ACC .)
    ZERO            reduce using rule 6 (accion -> NOT ACC .)
    GPR             reduce using rule 6 (accion -> NOT ACC .)
    M               reduce using rule 6 (accion -> NOT ACC .)
    PC              reduce using rule 6 (accion -> NOT ACC .)
    $end            reduce using rule 6 (accion -> NOT ACC .)


state 21

    (7) accion -> NOT F .

    COMMA           reduce using rule 7 (accion -> NOT F .)
    ROL             reduce using rule 7 (accion -> NOT F .)
    ROR             reduce using rule 7 (accion -> NOT F .)
    NOT             reduce using rule 7 (accion -> NOT F .)
    ACC             reduce using rule 7 (accion -> NOT F .)
    F               reduce using rule 7 (accion -> NOT F .)
    ZERO            reduce using rule 7 (accion -> NOT F .)
    GPR             reduce using rule 7 (accion -> NOT F .)
    M               reduce using rule 7 (accion -> NOT F .)
    PC              reduce using rule 7 (accion -> NOT F .)
    $end            reduce using rule 7 (accion -> NOT F .)


state 22

    (10) accion -> ZERO ARROW . ACC
    (11) accion -> ZERO ARROW . F

    ACC             shift and go to state 37
    F               shift and go to state 38


state 23

    (13) accion -> GPR PLUS . ONE ARROW GPR
    (15) accion -> GPR PLUS . ACC ARROW ACC

    ONE             shift and go to state 39
    ACC             shift and go to state 40


state 24

    (17) accion -> GPR ARROW . ACC
    (18) accion -> GPR ARROW . M

    ACC             shift and go to state 41
    M               shift and go to state 42


state 25

    (20) accion -> GPR LPAREN . AD RPAREN ARROW MAR
    (21) accion -> GPR LPAREN . AD RPAREN ARROW OPR
    (22) accion -> GPR LPAREN . OP RPAREN ARROW OPR

    AD              shift and go to state 43
    OP              shift and go to state 44


state 26

    (19) accion -> M ARROW . GPR

    GPR             shift and go to state 45


state 27

    (23) accion -> PC PLUS . ONE ARROW PC

    ONE             shift and go to state 46


state 28

    (24) accion -> PC ARROW . MAR

    MAR             shift and go to state 47


state 29

    (2) acciones -> acciones COMMA accion .

    COMMA           reduce using rule 2 (acciones -> acciones COMMA accion .)
    ROL             reduce using rule 2 (acciones -> acciones COMMA accion .)
    ROR             reduce using rule 2 (acciones -> acciones COMMA accion .)
    NOT             reduce using rule 2 (acciones -> acciones COMMA accion .)
    ACC             reduce using rule 2 (acciones -> acciones COMMA accion .)
    F               reduce using rule 2 (acciones -> acciones COMMA accion .)
    ZERO            reduce using rule 2 (acciones -> acciones COMMA accion .)
    GPR             reduce using rule 2 (acciones -> acciones COMMA accion .)
    M               reduce using rule 2 (acciones -> acciones COMMA accion .)
    PC              reduce using rule 2 (acciones -> acciones COMMA accion .)
    $end            reduce using rule 2 (acciones -> acciones COMMA accion .)


state 30

    (4) accion -> ROL F COMMA . ACC

    ACC             shift and go to state 48


state 31

    (9) accion -> F NOT ARROW . F

    F               shift and go to state 49


state 32

    (8) accion -> ACC NOT ARROW . ACC

    ACC             shift and go to state 50


state 33

    (16) accion -> ACC ARROW GPR .

    COMMA           reduce using rule 16 (accion -> ACC ARROW GPR .)
    ROL             reduce using rule 16 (accion -> ACC ARROW GPR .)
    ROR             reduce using rule 16 (accion -> ACC ARROW GPR .)
    NOT             reduce using rule 16 (accion -> ACC ARROW GPR .)
    ACC             reduce using rule 16 (accion -> ACC ARROW GPR .)
    F               reduce using rule 16 (accion -> ACC ARROW GPR .)
    ZERO            reduce using rule 16 (accion -> ACC ARROW GPR .)
    GPR             reduce using rule 16 (accion -> ACC ARROW GPR .)
    M               reduce using rule 16 (accion -> ACC ARROW GPR .)
    PC              reduce using rule 16 (accion -> ACC ARROW GPR .)
    $end            reduce using rule 16 (accion -> ACC ARROW GPR .)


state 34

    (12) accion -> ACC PLUS ONE . ARROW ACC

    ARROW           shift and go to state 51


state 35

    (14) accion -> ACC PLUS GPR . ARROW ACC

    ARROW           shift and go to state 52


state 36

    (5) accion -> ROR F COMMA . ACC

    ACC             shift and go to state 53


state 37

    (10) accion -> ZERO ARROW ACC .

    COMMA           reduce using rule 10 (accion -> ZERO ARROW ACC .)
    ROL             reduce using rule 10 (accion -> ZERO ARROW ACC .)
    ROR             reduce using rule 10 (accion -> ZERO ARROW ACC .)
    NOT             reduce using rule 10 (accion -> ZERO ARROW ACC .)
    ACC             reduce using rule 10 (accion -> ZERO ARROW ACC .)
    F               reduce using rule 10 (accion -> ZERO ARROW ACC .)
    ZERO            reduce using rule 10 (accion -> ZERO ARROW ACC .)
    GPR             reduce using rule 10 (accion -> ZERO ARROW ACC .)
    M               reduce using rule 10 (accion -> ZERO ARROW ACC .)
    PC              reduce using rule 10 (accion -> ZERO ARROW ACC .)
    $end            reduce using rule 10 (accion -> ZERO ARROW ACC .)


state 38

    (11) accion -> ZERO ARROW F .

    COMMA           reduce using rule 11 (accion -> ZERO ARROW F .)
    ROL             reduce using rule 11 (accion -> ZERO ARROW F .)
    ROR             reduce using rule 11 (accion -> ZERO ARROW F .)
    NOT             reduce using rule 11 (accion -> ZERO ARROW F .)
    ACC             reduce using rule 11 (accion -> ZERO ARROW F .)
    F               reduce using rule 11 (accion -> ZERO ARROW F .)
    ZERO            reduce using rule 11 (accion -> ZERO ARROW F .)
    GPR             reduce using rule 11 (accion -> ZERO ARROW F .)
    M               reduce using rule 11 (accion -> ZERO ARROW F .)
    PC              reduce using rule 11 (accion -> ZERO ARROW F .)
    $end            reduce using rule 11 (accion -> ZERO ARROW F .)


state 39

    (13) accion -> GPR PLUS ONE . ARROW GPR

    ARROW           shift and go to state 54


state 40

    (15) accion -> GPR PLUS ACC . ARROW ACC

    ARROW           shift and go to state 55


state 41

    (17) accion -> GPR ARROW ACC .

    COMMA           reduce using rule 17 (accion -> GPR ARROW ACC .)
    ROL             reduce using rule 17 (accion -> GPR ARROW ACC .)
    ROR             reduce using rule 17 (accion -> GPR ARROW ACC .)
    NOT             reduce using rule 17 (accion -> GPR ARROW ACC .)
    ACC             reduce using rule 17 (accion -> GPR ARROW ACC .)
    F               reduce using rule 17 (accion -> GPR ARROW ACC .)
    ZERO            reduce using rule 17 (accion -> GPR ARROW ACC .)
    GPR             reduce using rule 17 (accion -> GPR ARROW ACC .)
    M               reduce using rule 17 (accion -> GPR ARROW ACC .)
    PC              reduce using rule 17 (accion -> GPR ARROW ACC .)
    $end            reduce using rule 17 (accion -> GPR ARROW ACC .)


state 42

    (18) accion -> GPR ARROW M .

    COMMA           reduce using rule 18 (accion -> GPR ARROW M .)
    ROL             reduce using rule 18 (accion -> GPR ARROW M .)
    ROR             reduce using rule 18 (accion -> GPR ARROW M .)
    NOT             reduce using rule 18 (accion -> GPR ARROW M .)
    ACC             reduce using rule 18 (accion -> GPR ARROW M .)
    F               reduce using rule 18 (accion -> GPR ARROW M .)
    ZERO            reduce using rule 18 (accion -> GPR ARROW M .)
    GPR             reduce using rule 18 (accion -> GPR ARROW M .)
    M               reduce using rule 18 (accion -> GPR ARROW M .)
    PC              reduce using rule 18 (accion -> GPR ARROW M .)
    $end            reduce using rule 18 (accion -> GPR ARROW M .)


state 43

    (20) accion -> GPR LPAREN AD . RPAREN ARROW MAR
    (21) accion -> GPR LPAREN AD . RPAREN ARROW OPR

    RPAREN          shift and go to state 56


state 44

    (22) accion -> GPR LPAREN OP . RPAREN ARROW OPR

    RPAREN          shift and go to state 57


state 45

    (19) accion -> M ARROW GPR .

    COMMA           reduce using rule 19 (accion -> M ARROW GPR .)
    ROL             reduce using rule 19 (accion -> M ARROW GPR .)
    ROR             reduce using rule 19 (accion -> M ARROW GPR .)
    NOT             reduce using rule 19 (accion -> M ARROW GPR .)
    ACC             reduce using rule 19 (accion -> M ARROW GPR .)
    F               reduce using rule 19 (accion -> M ARROW GPR .)
    ZERO            reduce using rule 19 (accion -> M ARROW GPR .)
    GPR             reduce using rule 19 (accion -> M ARROW GPR .)
    M               reduce using rule 19 (accion -> M ARROW GPR .)
    PC              reduce using rule 19 (accion -> M ARROW GPR .)
    $end            reduce using rule 19 (accion -> M ARROW GPR .)


state 46

    (23) accion -> PC PLUS ONE . ARROW PC

    ARROW           shift and go to state 58


state 47

    (24) accion -> PC ARROW MAR .

    COMMA           reduce using rule 24 (accion -> PC ARROW MAR .)
    ROL             reduce using rule 24 (accion -> PC ARROW MAR .)
    ROR             reduce using rule 24 (accion -> PC ARROW MAR .)
    NOT             reduce using rule 24 (accion -> PC ARROW MAR .)
    ACC             reduce using rule 24 (accion -> PC ARROW MAR .)
    F               reduce using rule 24 (accion -> PC ARROW MAR .)
    ZERO            reduce using rule 24 (accion -> PC ARROW MAR .)
    GPR             reduce using rule 24 (accion -> PC ARROW MAR .)
    M               reduce using rule 24 (accion -> PC ARROW MAR .)
    PC              reduce using rule 24 (accion -> PC ARROW MAR .)
    $end            reduce using rule 24 (accion -> PC ARROW MAR .)


state 48

    (4) accion -> ROL F COMMA ACC .

    COMMA           reduce using rule 4 (accion -> ROL F COMMA ACC .)
    ROL             reduce using rule 4 (accion -> ROL F COMMA ACC .)
    ROR             reduce using rule 4 (accion -> ROL F COMMA ACC .)
    NOT             reduce using rule 4 (accion -> ROL F COMMA ACC .)
    ACC             reduce using rule 4 (accion -> ROL F COMMA ACC .)
    F               reduce using rule 4 (accion -> ROL F COMMA ACC .)
    ZERO            reduce using rule 4 (accion -> ROL F COMMA ACC .)
    GPR             reduce using rule 4 (accion -> ROL F COMMA ACC .)
    M               reduce using rule 4 (accion -> ROL F COMMA ACC .)
    PC              reduce using rule 4 (accion -> ROL F COMMA ACC .)
    $end            reduce using rule 4 (accion -> ROL F COMMA ACC .)


state 49

    (9) accion -> F NOT ARROW F .

    COMMA           reduce using rule 9 (accion -> F NOT ARROW F .)
    ROL             reduce using rule 9 (accion -> F NOT ARROW F .)
    ROR             reduce using rule 9 (accion -> F NOT ARROW F .)
    NOT             reduce using rule 9 (accion -> F NOT ARROW F .)
    ACC             reduce using rule 9 (accion -> F NOT ARROW F .)
    F               reduce using rule 9 (accion -> F NOT ARROW F .)
    ZERO            reduce using rule 9 (accion -> F NOT ARROW F .)
    GPR             reduce using rule 9 (accion -> F NOT ARROW F .)
    M               reduce using rule 9 (accion -> F NOT ARROW F .)
    PC              reduce using rule 9 (accion -> F NOT ARROW F .)
    $end            reduce using rule 9 (accion -> F NOT ARROW F .)


state 50

    (8) accion -> ACC NOT ARROW ACC .

    COMMA           reduce using rule 8 (accion -> ACC NOT ARROW ACC .)
    ROL             reduce using rule 8 (accion -> ACC NOT ARROW ACC .)
    ROR             reduce using rule 8 (accion -> ACC NOT ARROW ACC .)
    NOT             reduce using rule 8 (accion -> ACC NOT ARROW ACC .)
    ACC             reduce using rule 8 (accion -> ACC NOT ARROW ACC .)
    F               reduce using rule 8 (accion -> ACC NOT ARROW ACC .)
    ZERO            reduce using rule 8 (accion -> ACC NOT ARROW ACC .)
    GPR             reduce using rule 8 (accion -> ACC NOT ARROW ACC .)
    M               reduce using rule 8 (accion -> ACC NOT ARROW ACC .)
    PC              reduce using rule 8 (accion -> ACC NOT ARROW ACC .)
    $end            reduce using rule 8 (accion -> ACC NOT ARROW ACC .)


state 51

    (12) accion -> ACC PLUS ONE ARROW . ACC

    ACC             shift and go to state 59


state 52

    (14) accion -> ACC PLUS GPR ARROW . ACC

    ACC             shift and go to state 60


state 53

    (5) accion -> ROR F COMMA ACC .

    COMMA           reduce using rule 5 (accion -> ROR F COMMA ACC .)
    ROL             reduce using rule 5 (accion -> ROR F COMMA ACC .)
    ROR             reduce using rule 5 (accion -> ROR F COMMA ACC .)
    NOT             reduce using rule 5 (accion -> ROR F COMMA ACC .)
    ACC             reduce using rule 5 (accion -> ROR F COMMA ACC .)
    F               reduce using rule 5 (accion -> ROR F COMMA ACC .)
    ZERO            reduce using rule 5 (accion -> ROR F COMMA ACC .)
    GPR             reduce using rule 5 (accion -> ROR F COMMA ACC .)
    M               reduce using rule 5 (accion -> ROR F COMMA ACC .)
    PC              reduce using rule 5 (accion -> ROR F COMMA ACC .)
    $end            reduce using rule 5 (accion -> ROR F COMMA ACC .)


state 54

    (13) accion -> GPR PLUS ONE ARROW . GPR

    GPR             shift and go to state 61


state 55

    (15) accion -> GPR PLUS ACC ARROW . ACC

    ACC             shift and go to state 62


state 56

    (20) accion -> GPR LPAREN AD RPAREN . ARROW MAR
    (21) accion -> GPR LPAREN AD RPAREN . ARROW OPR

    ARROW           shift and go to state 63


state 57

    (22) accion -> GPR LPAREN OP RPAREN . ARROW OPR

    ARROW           shift and go to state 64


state 58

    (23) accion -> PC PLUS ONE ARROW . PC

    PC              shift and go to state 65


state 59

    (12) accion -> ACC PLUS ONE ARROW ACC .

    COMMA           reduce using rule 12 (accion -> ACC PLUS ONE ARROW ACC .)
    ROL             reduce using rule 12 (accion -> ACC PLUS ONE ARROW ACC .)
    ROR             reduce using rule 12 (accion -> ACC PLUS ONE ARROW ACC .)
    NOT             reduce using rule 12 (accion -> ACC PLUS ONE ARROW ACC .)
    ACC             reduce using rule 12 (accion -> ACC PLUS ONE ARROW ACC .)
    F               reduce using rule 12 (accion -> ACC PLUS ONE ARROW ACC .)
    ZERO            reduce using rule 12 (accion -> ACC PLUS ONE ARROW ACC .)
    GPR             reduce using rule 12 (accion -> ACC PLUS ONE ARROW ACC .)
    M               reduce using rule 12 (accion -> ACC PLUS ONE ARROW ACC .)
    PC              reduce using rule 12 (accion -> ACC PLUS ONE ARROW ACC .)
    $end            reduce using rule 12 (accion -> ACC PLUS ONE ARROW ACC .)


state 60

    (14) accion -> ACC PLUS GPR ARROW ACC .

    COMMA           reduce using rule 14 (accion -> ACC PLUS GPR ARROW ACC .)
    ROL             reduce using rule 14 (accion -> ACC PLUS GPR ARROW ACC .)
    ROR             reduce using rule 14 (accion -> ACC PLUS GPR ARROW ACC .)
    NOT             reduce using rule 14 (accion -> ACC PLUS GPR ARROW ACC .)
    ACC             reduce using rule 14 (accion -> ACC PLUS GPR ARROW ACC .)
    F               reduce using rule 14 (accion -> ACC PLUS GPR ARROW ACC .)
    ZERO            reduce using rule 14 (accion -> ACC PLUS GPR ARROW ACC .)
    GPR             reduce using rule 14 (accion -> ACC PLUS GPR ARROW ACC .)
    M               reduce using rule 14 (accion -> ACC PLUS GPR ARROW ACC .)
    PC              reduce using rule 14 (accion -> ACC PLUS GPR ARROW ACC .)
    $end            reduce using rule 14 (accion -> ACC PLUS GPR ARROW ACC .)


state 61

    (13) accion -> GPR PLUS ONE ARROW GPR .

    COMMA           reduce using rule 13 (accion -> GPR PLUS ONE ARROW GPR .)
    ROL             reduce using rule 13 (accion -> GPR PLUS ONE ARROW GPR .)
    ROR             reduce using rule 13 (accion -> GPR PLUS ONE ARROW GPR .)
    NOT             reduce using rule 13 (accion -> GPR PLUS ONE ARROW GPR .)
    ACC             reduce using rule 13 (accion -> GPR PLUS ONE ARROW GPR .)
    F               reduce using rule 13 (accion -> GPR PLUS ONE ARROW GPR .)
    ZERO            reduce using rule 13 (accion -> GPR PLUS ONE ARROW GPR .)
    GPR             reduce using rule 13 (accion -> GPR PLUS ONE ARROW GPR .)
    M               reduce using rule 13 (accion -> GPR PLUS ONE ARROW GPR .)
    PC              reduce using rule 13 (accion -> GPR PLUS ONE ARROW GPR .)
    $end            reduce using rule 13 (accion -> GPR PLUS ONE ARROW GPR .)


state 62

    (15) accion -> GPR PLUS ACC ARROW ACC .

    COMMA           reduce using rule 15 (accion -> GPR PLUS ACC ARROW ACC .)
    ROL             reduce using rule 15 (accion -> GPR PLUS ACC ARROW ACC .)
    ROR             reduce using rule 15 (accion -> GPR PLUS ACC ARROW ACC .)
    NOT             reduce using rule 15 (accion -> GPR PLUS ACC ARROW ACC .)
    ACC             reduce using rule 15 (accion -> GPR PLUS ACC ARROW ACC .)
    F               reduce using rule 15 (accion -> GPR PLUS ACC ARROW ACC .)
    ZERO            reduce using rule 15 (accion -> GPR PLUS ACC ARROW ACC .)
    GPR             reduce using rule 15 (accion -> GPR PLUS ACC ARROW ACC .)
    M               reduce using rule 15 (accion -> GPR PLUS ACC ARROW ACC .)
    PC              reduce using rule 15 (accion -> GPR PLUS ACC ARROW ACC .)
    $end            reduce using rule 15 (accion -> GPR PLUS ACC ARROW ACC .)


state 63

    (20) accion -> GPR LPAREN AD RPAREN ARROW . MAR
    (21) accion -> GPR LPAREN AD RPAREN ARROW . OPR

    MAR             shift and go to state 66
    OPR             shift and go to state 67


state 64

    (22) accion -> GPR LPAREN OP RPAREN ARROW . OPR

    OPR             shift and go to state 68


state 65

    (23) accion -> PC PLUS ONE ARROW PC .

    COMMA           reduce using rule 23 (accion -> PC PLUS ONE ARROW PC .)
    ROL             reduce using rule 23 (accion -> PC PLUS ONE ARROW PC .)
    ROR             reduce using rule 23 (accion -> PC PLUS ONE ARROW PC .)
    NOT             reduce using rule 23 (accion -> PC PLUS ONE ARROW PC .)
    ACC             reduce using rule 23 (accion -> PC PLUS ONE ARROW PC .)
    F               reduce using rule 23 (accion -> PC PLUS ONE ARROW PC .)
    ZERO            reduce using rule 23 (accion -> PC PLUS ONE ARROW PC .)
    GPR             reduce using rule 23 (accion -> PC PLUS ONE ARROW PC .)
    M               reduce using rule 23 (accion -> PC PLUS ONE ARROW PC .)
    PC              reduce using rule 23 (accion -> PC PLUS ONE ARROW PC .)
    $end            reduce using rule 23 (accion -> PC PLUS ONE ARROW PC .)


state 66

    (20) accion -> GPR LPAREN AD RPAREN ARROW MAR .

    COMMA           reduce using rule 20 (accion -> GPR LPAREN AD RPAREN ARROW MAR .)
    ROL             reduce using rule 20 (accion -> GPR LPAREN AD RPAREN ARROW MAR .)
    ROR             reduce using rule 20 (accion -> GPR LPAREN AD RPAREN ARROW MAR .)
    NOT             reduce using rule 20 (accion -> GPR LPAREN AD RPAREN ARROW MAR .)
    ACC             reduce using rule 20 (accion -> GPR LPAREN AD RPAREN ARROW MAR .)
    F               reduce using rule 20 (accion -> GPR LPAREN AD RPAREN ARROW MAR .)
    ZERO            reduce using rule 20 (accion -> GPR LPAREN AD RPAREN ARROW MAR .)
    GPR             reduce using rule 20 (accion -> GPR LPAREN AD RPAREN ARROW MAR .)
    M               reduce using rule 20 (accion -> GPR LPAREN AD RPAREN ARROW MAR .)
    PC              reduce using rule 20 (accion -> GPR LPAREN AD RPAREN ARROW MAR .)
    $end            reduce using rule 20 (accion -> GPR LPAREN AD RPAREN ARROW MAR .)


state 67

    (21) accion -> GPR LPAREN AD RPAREN ARROW OPR .

    COMMA           reduce using rule 21 (accion -> GPR LPAREN AD RPAREN ARROW OPR .)
    ROL             reduce using rule 21 (accion -> GPR LPAREN AD RPAREN ARROW OPR .)
    ROR             reduce using rule 21 (accion -> GPR LPAREN AD RPAREN ARROW OPR .)
    NOT             reduce using rule 21 (accion -> GPR LPAREN AD RPAREN ARROW OPR .)
    ACC             reduce using rule 21 (accion -> GPR LPAREN AD RPAREN ARROW OPR .)
    F               reduce using rule 21 (accion -> GPR LPAREN AD RPAREN ARROW OPR .)
    ZERO            reduce using rule 21 (accion -> GPR LPAREN AD RPAREN ARROW OPR .)
    GPR             reduce using rule 21 (accion -> GPR LPAREN AD RPAREN ARROW OPR .)
    M               reduce using rule 21 (accion -> GPR LPAREN AD RPAREN ARROW OPR .)
    PC              reduce using rule 21 (accion -> GPR LPAREN AD RPAREN ARROW OPR .)
    $end            reduce using rule 21 (accion -> GPR LPAREN AD RPAREN ARROW OPR .)


state 68

    (22) accion -> GPR LPAREN OP RPAREN ARROW OPR .

    COMMA           reduce using rule 22 (accion -> GPR LPAREN OP RPAREN ARROW OPR .)
    ROL             reduce using rule 22 (accion -> GPR LPAREN OP RPAREN ARROW OPR .)
    ROR             reduce using rule 22 (accion -> GPR LPAREN OP RPAREN ARROW OPR .)
    NOT             reduce using rule 22 (accion -> GPR LPAREN OP RPAREN ARROW OPR .)
    ACC             reduce using rule 22 (accion -> GPR LPAREN OP RPAREN ARROW OPR .)
    F               reduce using rule 22 (accion -> GPR LPAREN OP RPAREN ARROW OPR .)
    ZERO            reduce using rule 22 (accion -> GPR LPAREN OP RPAREN ARROW OPR .)
    GPR             reduce using rule 22 (accion -> GPR LPAREN OP RPAREN ARROW OPR .)
    M               reduce using rule 22 (accion -> GPR LPAREN OP RPAREN ARROW OPR .)
    PC              reduce using rule 22 (accion -> GPR LPAREN OP RPAREN ARROW OPR .)
    $end            reduce using rule 22 (accion -> GPR LPAREN OP RPAREN ARROW OPR .)

